生成启动时间为 2020/11/19 16:46:18。
     1>项目“C:\Users\allenwang\Desktop\InternshipDocument\AddressBook\AddressBookDLL\AddressBookDLL\AddressBookDLL.vcxproj”在节点 2 上(Build 个目标)。
     1>ClCompile:
         D:\vstudio\VC\bin\CL.exe /c /ZI /nologo /W3 /WX- /sdl /Od /Oy- /D WIN32 /D _DEBUG /D _WINDOWS /D _USRDLL /D ADDRESSBOOKDLL_EXPORTS /D _WINDLL /D _UNICODE /D UNICODE /Gm /EHsc /RTC1 /MDd /GS /fp:precise /Zc:wchar_t /Zc:forScope /Yc"stdafx.h" /Fp"Debug\AddressBookDLL.pch" /Fo"Debug\\" /Fd"Debug\vc120.pdb" /Gd /TP /analyze- /errorReport:prompt stdafx.cpp
         stdafx.cpp
         D:\vstudio\VC\bin\CL.exe /c /ZI /nologo /W3 /WX- /sdl /Od /Oy- /D WIN32 /D _DEBUG /D _WINDOWS /D _USRDLL /D ADDRESSBOOKDLL_EXPORTS /D _WINDLL /D _UNICODE /D UNICODE /Gm /EHsc /RTC1 /MDd /GS /fp:precise /Zc:wchar_t /Zc:forScope /Yu"stdafx.h" /Fp"Debug\AddressBookDLL.pch" /Fo"Debug\\" /Fd"Debug\vc120.pdb" /Gd /TP /analyze- /errorReport:prompt AddressBookDLL.cpp Example.cpp
         Example.cpp
     1>c:\users\allenwang\desktop\internshipdocument\addressbook\addressbookdll\addressbookdll\example.cpp(51): warning C4018: “<”: 有符号/无符号不匹配
         AddressBookDLL.cpp
         正在生成代码...
         D:\vstudio\VC\bin\CL.exe /c /ZI /nologo /W3 /WX- /sdl /Od /Oy- /D WIN32 /D _DEBUG /D _WINDOWS /D _USRDLL /D ADDRESSBOOKDLL_EXPORTS /D _WINDLL /D _UNICODE /D UNICODE /Gm /EHsc /RTC1 /MDd /GS /fp:precise /Zc:wchar_t /Zc:forScope /Fo"Debug\\" /Fd"Debug\vc120.pdb" /Gd /TP /analyze- /errorReport:prompt dllmain.cpp
         dllmain.cpp
       Link:
         D:\vstudio\VC\bin\link.exe /ERRORREPORT:PROMPT /OUT:"C:\Users\allenwang\Desktop\InternshipDocument\AddressBook\AddressBookDLL\Debug\AddressBookDLL.dll" /INCREMENTAL /NOLOGO kernel32.lib user32.lib gdi32.lib winspool.lib comdlg32.lib advapi32.lib shell32.lib ole32.lib oleaut32.lib uuid.lib odbc32.lib odbccp32.lib /MANIFEST /MANIFESTUAC:"level='asInvoker' uiAccess='false'" /manifest:embed /DEBUG /PDB:"C:\Users\allenwang\Desktop\InternshipDocument\AddressBook\AddressBookDLL\Debug\AddressBookDLL.pdb" /SUBSYSTEM:WINDOWS /TLBID:1 /DYNAMICBASE /NXCOMPAT /IMPLIB:"C:\Users\allenwang\Desktop\InternshipDocument\AddressBook\AddressBookDLL\Debug\AddressBookDLL.lib" /MACHINE:X86 /DLL Debug\AddressBookDLL.obj
         Debug\dllmain.obj
         Debug\Example.obj
         Debug\stdafx.obj
            正在创建库 C:\Users\allenwang\Desktop\InternshipDocument\AddressBook\AddressBookDLL\Debug\AddressBookDLL.lib 和对象 C:\Users\allenwang\Desktop\InternshipDocument\AddressBook\AddressBookDLL\Debug\AddressBookDLL.exp
         AddressBookDLL.vcxproj -> C:\Users\allenwang\Desktop\InternshipDocument\AddressBook\AddressBookDLL\Debug\AddressBookDLL.dll
     1>已完成生成项目“C:\Users\allenwang\Desktop\InternshipDocument\AddressBook\AddressBookDLL\AddressBookDLL\AddressBookDLL.vcxproj”(Build 个目标)的操作。

生成成功。

已用时间 00:00:04.20
